[30-Sep-2021 15:22:56 Europe/Berlin] PHP Fatal error:  Uncaught Exception: test in /homepages/17/d880866732/htdocs/php/newUser.php:13
Stack trace:
#0 {main}
  thrown in /homepages/17/d880866732/htdocs/php/newUser.php on line 13
[30-Sep-2021 15:22:58 Europe/Berlin] PHP Fatal error:  Uncaught Exception: test in /homepages/17/d880866732/htdocs/php/newUser.php:13
Stack trace:
#0 {main}
  thrown in /homepages/17/d880866732/htdocs/php/newUser.php on line 13
[30-Sep-2021 15:24:24 Europe/Berlin] PHP Fatal error:  Uncaught Exception: test in /homepages/17/d880866732/htdocs/php/newUser.php:13
Stack trace:
#0 {main}
  thrown in /homepages/17/d880866732/htdocs/php/newUser.php on line 13
[30-Sep-2021 15:24:25 Europe/Berlin] PHP Fatal error:  Uncaught Exception: test in /homepages/17/d880866732/htdocs/php/newUser.php:13
Stack trace:
#0 {main}
  thrown in /homepages/17/d880866732/htdocs/php/newUser.php on line 13
[30-Sep-2021 15:24:45 Europe/Berlin] PHP Fatal error:  Uncaught mysqli_sql_exception: Access denied for user 'dbu1305632'@'infong-eu307.clienthosting.eu' (using password: NO) in /homepages/17/d880866732/htdocs/php/mysqli.php:10
Stack trace:
#0 /homepages/17/d880866732/htdocs/php/newUser.php(6): include()
#1 {main}
  thrown in /homepages/17/d880866732/htdocs/php/mysqli.php on line 10
[30-Sep-2021 15:26:26 Europe/Berlin] PHP Fatal error:  Uncaught mysqli_sql_exception: Access denied for user 'dbu1305632'@'infong-eu307.clienthosting.eu' (using password: NO) in /homepages/17/d880866732/htdocs/php/mysqli.php:13
Stack trace:
#0 /homepages/17/d880866732/htdocs/php/newUser.php(6): include()
#1 {main}
  thrown in /homepages/17/d880866732/htdocs/php/mysqli.php on line 13
[30-Sep-2021 15:27:10 Europe/Berlin] PHP Fatal error:  Uncaught mysqli_sql_exception: Access denied for user 'dbu1305632'@'infong-eu307.clienthosting.eu' (using password: NO) in /homepages/17/d880866732/htdocs/php/mysqli.php:11
Stack trace:
#0 /homepages/17/d880866732/htdocs/php/newUser.php(6): include()
#1 {main}
  thrown in /homepages/17/d880866732/htdocs/php/mysqli.php on line 11
[30-Sep-2021 15:27:13 Europe/Berlin] PHP Fatal error:  Uncaught mysqli_sql_exception: Access denied for user 'dbu1305632'@'infong-eu307.clienthosting.eu' (using password: NO) in /homepages/17/d880866732/htdocs/php/mysqli.php:11
Stack trace:
#0 /homepages/17/d880866732/htdocs/php/newUser.php(6): include()
#1 {main}
  thrown in /homepages/17/d880866732/htdocs/php/mysqli.php on line 11
